<?xml version="1.0" encoding="UTF-8"?>
<!-- Generated by org.testng.reporters.JUnitXMLReporter -->
<testsuite ignored="0" hostname="AKASH" failures="1" tests="1" name="Surefire test" time="4.42" errors="0" timestamp="2026-06-21T13:06:57 IST">
  <testcase classname="com.example.SeleniumSmokeTest" name="shouldOpenGooglePage" time="4.331">
    <failure type="java.lang.AssertionError" message="expected [true] but found [false]">
      <![CDATA[java.lang.AssertionError: expected [true] but found [false]
at com.example.SeleniumSmokeTest.shouldOpenGooglePage(SeleniumSmokeTest.java:25)
at java.base/java.util.ArrayList.forEach(ArrayList.java:1604)
... Removed 34 stack frames]]>
    </failure>
  </testcase> <!-- shouldOpenGooglePage -->
</testsuite> <!-- Surefire test -->
