<?xml version="1.0" encoding="UTF-8"?>
<testng-results ignored="0" total="1" passed="1" failed="0" skipped="0">
  <reporter-output>
  </reporter-output>
  <suite started-at="2026-06-21T12:48:34 IST" name="Surefire suite" finished-at="2026-06-21T12:48:38 IST" duration-ms="3865">
    <groups>
    </groups>
    <test started-at="2026-06-21T12:48:34 IST" name="Surefire test" finished-at="2026-06-21T12:48:38 IST" duration-ms="3865">
      <class name="com.example.SeleniumSmokeTest">
        <test-method signature="shouldOpenGooglePage()[pri:0, instance:com.example.SeleniumSmokeTest@61d47554]" started-at="2026-06-21T12:48:34 IST" name="shouldOpenGooglePage" finished-at="2026-06-21T12:48:38 IST" duration-ms="3794" status="PASS">
          <reporter-output>
          </reporter-output>
        </test-method> <!-- shouldOpenGooglePage -->
      </class> <!-- com.example.SeleniumSmokeTest -->
    </test> <!-- Surefire test -->
  </suite> <!-- Surefire suite -->
</testng-results>
