<?xml version="1.0" encoding="UTF-8"?>
<testng-results ignored="0" total="1" passed="1" failed="0" skipped="0">
  <reporter-output>
  </reporter-output>
  <suite started-at="2026-06-21T11:50:34 IST" name="Surefire suite" finished-at="2026-06-21T11:50:35 IST" duration-ms="390">
    <groups>
    </groups>
    <test started-at="2026-06-21T11:50:34 IST" name="Surefire test" finished-at="2026-06-21T11:50:35 IST" duration-ms="390">
      <class name="com.example.SeleniumSmokeTest">
        <test-method signature="seleniumClassesAreAvailable()[pri:0, instance:com.example.SeleniumSmokeTest@6a472554]" started-at="2026-06-21T11:50:34 IST" name="seleniumClassesAreAvailable" finished-at="2026-06-21T11:50:35 IST" duration-ms="192" status="PASS">
          <reporter-output>
          </reporter-output>
        </test-method> <!-- seleniumClassesAreAvailable -->
      </class> <!-- com.example.SeleniumSmokeTest -->
    </test> <!-- Surefire test -->
  </suite> <!-- Surefire suite -->
</testng-results>
